ERROR: LoadError: UndefVarError: `a` not defined
Stacktrace:
 [1] test_spheroid_truncateddodecahedron()
   @ Main.WeavingsOnManifolds /work/himmelmann1/WeavingsOnManifolds/src/WeavingsOnManifolds.jl:1146
 [2] top-level scope
   @ /work/himmelmann1/WeavingsOnManifolds/src/WeavingsOnManifolds.jl:1719
 [3] include(fname::String)
   @ Base.MainInclude ./client.jl:478
 [4] top-level scope
   @ none:1
in expression starting at /work/himmelmann1/WeavingsOnManifolds/src/WeavingsOnManifolds.jl:1
"start"
90-element Vector{Any}:
 (49, 51)
 (23, 24)
 (14, 29)
 (58, 59)
 (40, 41)
 (56, 57)
 (4, 6)
 (55, 57)
 (25, 26)
 (55, 56)
 (7, 8)
 (35, 36)
 (50, 53)
 (25, 27)
 (8, 9)
 (14, 15)
 (47, 48)
 (19, 20)
 (2, 10)
 (43, 45)
 (3, 31)
 (26, 27)
 (20, 26)
 (16, 17)
 (16, 18)
 (16, 27)
 (39, 45)
 (40, 44)
 (58, 60)
 (28, 30)
 (4, 5)
 (9, 18)
 (53, 54)
 (1, 3)
 (46, 47)
 (49, 50)
 (5, 19)
 (23, 43)
 (44, 45)
 (13, 15)
 (59, 60)
 (25, 55)
 (4, 48)
 (28, 29)
 (31, 32)
 (32, 33)
 (34, 35)
 (17, 18)
 (20, 21)
 (1, 8)
 (34, 36)
 (1, 2)
 (22, 24)
 (19, 21)
 (10, 11)
 (28, 58)
 (11, 12)
 (40, 42)
 (11, 52)
 (29, 30)
 (49, 57)
 (33, 34)
 (35, 42)
 (43, 44)
 (46, 60)
 (38, 39)
 (10, 12)
 (7, 9)
 (13, 14)
 (32, 37)
 (37, 38)
 (37, 39)
 (52, 54)
 (12, 13)
 (22, 30)
 (6, 24)
 (21, 41)
 (7, 51)
 (5, 6)
 (17, 36)
 (47, 56)
 (15, 38)
 (50, 51)
 (52, 53)
 (46, 48)
 (2, 3)
 (54, 59)
 (41, 42)
 (22, 23)
 (31, 33)
[-0.48099134584830355, 0.005414932504458979, 0.8030851756261287]
0.33367220441456
0.24826900252459788
0.17234627307107797
0.10937415227864222
0.06161741430954992
0.029452825365374857
0.011059722654062909
0.002789470926954307
0.0002893832016643283
2.1710495882343306e-5
6.294689596730851e-6
3.4490947301568653e-6
2.9576624286931086e-6
3.635050377925886e-6
4.162555190534434e-7
1.4045094803849523e-7
8.495849840306491e-8
7.866118439947556e-8
1.0312899356712535e-7
1.603930649407559e-8
1.0082908957552488
0.7541850481667104
0.5263450714983724
0.33578118620780034
0.19010570913809854
0.0912746539461538
0.034402584214701735
0.008702513856317578
0.0009051279563628441
6.786987787613089e-5
1.9678321557546395e-5
1.0782449689401506e-5
9.246164936895467e-6
1.1363780876676662e-5
1.3012910705881762e-6
4.3907529912985987e-7
2.655957914242792e-7
2.4590922693933916e-7
3.224000787543089e-7
5.014179745753526e-8
1.9386420128729834e-8
1.287177492983328e-8
1.2829941347790086e-8
1.7911881030330305e-8
ns: 4.917932894823191
ns: 3.2597803309381503
ns: 1.2184960874867348
ns: 1.5244847156344594
ns: 1.2500872923251085
ns: 0.49260208136267214
ns: 0.14374652208351493
ns: 0.25094680326298935
ns: 0.2981981389724272
ns: 0.3525096270656024
ns: 0.11414804201872054
ns: 0.19386693657809576
ns: 0.5523138164597077
ns: 0.4013628855227761
ns: 0.26379349262689716
ns: 0.24021581321938876
ns: 0.05301395438005087
ns: 0.07974572234385802
ns: 0.09106504214486451
ns: 0.03406981635054699
ns: 0.050722019394030496
ns: 0.08136971290256122
ns: 0.028311312826639436
ns: 0.06193211145505038
ns: 0.011024172753110207
ns: 0.03679907293201181
ns: 0.018565807044934508
ns: 0.010305242039389942
ns: 0.011705129237586567
ns: 0.009894553528836166
ns: 0.013570001104955952
ns: 0.006654445311395308
ns: 0.009274118776925652
ns: 0.00608433027948685
ns: 0.008910875436391682
ns: 0.005874337238017568
ns: 0.00982205505381797
ns: 0.004788218068720646
ns: 0.008960871177733103
ns: 0.005547442984837308
ns: 0.011129685149380784
ns: 0.0071562051437851736
ns: 0.010842433865473882
ns: 0.0044481843660083556
ns: 0.011958895885339316
ns: 0.0038417410673248554
ns: 0.004342753494466496
ns: 0.014635384477548627
ns: 0.008025128205740603
ns: 0.011494929408855877
ns: 0.004350021392238805
ns: 0.012452481606941686
ns: 0.007791863785048232
ns: 0.0042904342897914565
ns: 0.00784551630784595
ns: 0.0075345188473829846
ns: 0.008068678823495375
ns: 0.006974227411015488
ns: 0.009320558225842105
ns: 0.004788256394325884
ns: 0.0061807912794323286
ns: 0.0039029435593811303
ns: 0.009494185881266683
ns: 0.0036541949601947986
ns: 0.008730114630100469
ns: 0.0043222597500749815
ns: 0.0058462567530130245
ns: 0.004051082664422494
ns: 0.006052973608548458
ns: 0.0038332202669533752
ns: 0.005668174230192109
ns: 0.003978773487697643
ns: 0.005838587022922663
ns: 0.0037572566116388303
ns: 0.005932411623842607
ns: 0.004173044479589937
ns: 0.006469452644912127
ns: 0.003441278790075422
ns: 0.006192084581685571
ns: 0.0036661118095655605
ns: 0.006887595509187965
ns: 0.005265610852103277
ns: 0.0070993488478738945
ns: 0.0030909994542035095
ns: 0.003886040261870729
ns: 0.006487898681450842
ns: 0.005876238035783512
ns: 0.007182873423682699
"We ran out of time... Try setting `maxseconds` to a larger value than 1000"
Eigenvalues of the projected Hessian: [0.00395, 0.00835, 0.0546, 0.251, 0.252, 0.257, 0.258, 0.281, 0.292, 0.293, 0.597, 0.899, 0.9, 0.9, 0.931, 1.13, 1.16, 1.19, 1.2, 1.21, 1.29, 1.32, 1.32, 1.32, 1.45, 1.9, 1.92, 1.93, 1.94, 1.94, 1.94, 1.94, 1.94, 1.95, 2.18, 2.42, 2.42, 2.43, 2.51, 2.56, 2.56, 2.64, 2.77, 2.78, 2.8, 2.84, 2.95, 2.95, 2.96, 2.97, 2.97, 2.97, 2.97, 2.98, 3.06, 3.09, 3.09, 3.09, 3.1, 3.43, 4.66, 4.69, 4.71, 4.81, 4.83, 4.88, 4.91, 4.93, 4.93, 4.95, 4.97, 4.99, 5.01, 5.23, 5.43, 5.45, 5.46, 5.5, 5.74, 5.94, 5.98, 6.01, 6.6, 7.17, 7.18, 7.23, 7.27, 7.38, 7.39, 9.24, 11.4, 11.4, 11.5, 11.5, 11.5, 11.5, 11.5, 11.5, 11.6, 12.0, 12.2, 12.3, 12.4, 12.4, 12.5, 12.5, 13.3, 13.7, 13.8, 13.8, 14.0, 14.2, 14.2, 14.3, 14.3, 14.7, 14.8, 14.8, 15.0]
1170.262694 seconds (1.84 G allocations: 87.617 GiB, 3.74% gc time, 2.27% compilation time)
